[INFO] [1743540053.008990481] [webcam_slam_node]: Published map point: [-1.267, 1.935, 0.479]
[INFO] [1743540053.008997395] [webcam_slam_node]: Published map point: [-1.582, 1.667, 0.510]
[INFO] [1743540053.009004657] [webcam_slam_node]: Published map point: [-1.639, 1.644, 0.404]
[INFO] [1743540053.009011669] [webcam_slam_node]: Published map point: [-1.521, 1.712, 0.468]
[INFO] [1743540053.009018671] [webcam_slam_node]: Published map point: [-1.326, 1.992, 0.371]
[INFO] [1743540053.009025766] [webcam_slam_node]: Published map point: [-1.412, 1.959, 0.261]
[INFO] [1743540053.009032528] [webcam_slam_node]: Published map point: [-0.939, 1.795, 0.804]
[INFO] [1743540053.009039519] [webcam_slam_node]: Published map point: [-1.025, 1.877, 0.723]
[INFO] [1743540053.009046526] [webcam_slam_node]: Published map point: [-0.346, 0.817, 0.340]
[INFO] [1743540053.009053524] [webcam_slam_node]: Published map point: [-1.217, 1.987, 0.554]
[INFO] [1743540053.009060624] [webcam_slam_node]: Published map point: [-1.162, 2.012, 0.547]
[INFO] [1743540053.009070393] [webcam_slam_node]: Published map point: [-1.236, 2.006, 0.423]
[INFO] [1743540053.009077348] [webcam_slam_node]: Published map point: [-1.131, 1.726, 0.747]
[INFO] [1743540053.009084608] [webcam_slam_node]: Published map point: [-1.150, 1.728, 0.738]
[INFO] [1743540053.009091426] [webcam_slam_node]: Published map point: [-1.247, 2.103, 0.402]
[INFO] [1743540053.009101308] [webcam_slam_node]: Published map point: [-1.660, 1.560, 0.477]
[INFO] [1743540053.009109690] [webcam_slam_node]: Published map point: [-1.065, 1.716, 0.768]
[INFO] [1743540053.009118235] [webcam_slam_node]: Published map point: [-1.094, 1.790, 0.731]
[INFO] [1743540053.009126635] [webcam_slam_node]: Published map point: [-1.535, 1.843, 0.265]
[INFO] [1743540053.009134999] [webcam_slam_node]: Published map point: [-1.469, 1.906, 0.298]
Timer callback duration: 16 ms
For fixed time of 30 ms, I'll wait 14 ms
[INFO] [1743540053.024186969] [webcam_slam_node]: Feeding frame to SLAM with 1 IMU points
Fail to track local map!
IMU is not or recently initialized. Reseting active map...
[WARN] [1743540053.032944126] [webcam_slam_node]: Warning: not valid map point found.
Timer callback duration: 9 ms
For fixed time of 30 ms, I'll wait 21 ms
Sophus ensure failed in function 'static Sophus::SO3<Scalar_> Sophus::SO3<Scalar_, Options>::expAndTheta(const Tangent&, Sophus::SO3<Scalar_, Options>::Scalar*) [with Scalar_ = float; int Options = 0; Sophus::SO3<Scalar_, Options>::Tangent = Eigen::Matrix<float, 3, 1>; Sophus::SO3<Scalar_, Options>::Scalar = float]', file '/sitl/ORB_SLAM3_files/ORB_SLAM3/Thirdparty/Sophus/sophus/so3.hpp', line 614.
SO3::exp failed! omega: -nan -nan -nan, real: -nan, img: -nan
./run.sh: line 2: 99458 Aborted                 (c



